<?xml version="1.0" encoding="UTF-8"?>
<!-- Generated by org.testng.reporters.JUnitReportReporter -->
<testsuite hostname="Atharv-PC" failures="0" tests="1" name="com.pda.tests.LoginpageTests" time="10.761" errors="0" timestamp="2024-01-19T10:09:41 IST" skipped="0">
  <testcase classname="com.pda.tests.LoginpageTests" name="test2" time="10.761"/>
  <system-out/>
</testsuite> <!-- com.pda.tests.LoginpageTests -->
