<?xml version="1.0" encoding="UTF-8"?>
<!-- Generated by org.testng.reporters.JUnitReportReporter -->
<testsuite hostname="Atharv-PC" failures="0" tests="1" name="com.pda.tests.HomePageTests" time="9.622" errors="0" timestamp="2024-01-19T11:59:48 IST" skipped="0">
  <testcase classname="com.pda.tests.HomePageTests" name="test3" time="9.622"/>
  <system-out/>
</testsuite> <!-- com.pda.tests.HomePageTests -->
