<?xml version="1.0" encoding="UTF-8"?>
<!-- Generated by org.testng.reporters.JUnitReportReporter -->
<testsuite hostname="Atharv-PC" failures="0" tests="2" name="com.pda.tests.OrangeHRMTests" time="27.744" errors="0" timestamp="2024-01-23T11:02:48 IST" skipped="0">
  <testcase classname="com.pda.tests.OrangeHRMTests" name="LoginLogoutTest" time="13.616"/>
  <system-out/>
  <testcase classname="com.pda.tests.OrangeHRMTests" name="LoginLogoutTest" time="14.128"/>
  <system-out/>
</testsuite> <!-- com.pda.tests.OrangeHRMTests -->
