<?xml version="1.0" encoding="UTF-8"?>
<!-- Generated by org.testng.reporters.JUnitReportReporter -->
<testsuite hostname="Atharv-PC" failures="0" tests="1" name="com.pda.tests.OrangeHRMTests" time="26.652" errors="0" timestamp="2024-01-20T16:30:37 IST" skipped="0">
  <testcase classname="com.pda.tests.OrangeHRMTests" name="LoginLogoutTest" time="26.652"/>
  <system-out/>
</testsuite> <!-- com.pda.tests.OrangeHRMTests -->
