<?xml version="1.0" encoding="UTF-8"?>
<!-- Generated by org.testng.reporters.JUnitReportReporter -->
<testsuite hostname="Atharv-PC" failures="0" tests="2" name="com.pda.tests.HomePageTests" time="18.862" errors="0" timestamp="2024-01-18T22:24:19 IST" skipped="0">
  <testcase classname="com.pda.tests.HomePageTests" name="test3" time="8.167"/>
  <system-out/>
  <testcase classname="com.pda.tests.HomePageTests" name="test4" time="10.695"/>
  <system-out/>
</testsuite> <!-- com.pda.tests.HomePageTests -->
