<?xml version="1.0" encoding="UTF-8"?>
<!-- Generated by org.testng.reporters.JUnitReportReporter -->
<testsuite hostname="Atharv-PC" failures="0" tests="1" name="com.pda.tests.OrangeHRMTests" time="12.494" errors="0" timestamp="2024-01-19T23:33:06 IST" skipped="0">
  <testcase classname="com.pda.tests.OrangeHRMTests" name="LoginLogoutTest" time="12.494"/>
  <system-out/>
</testsuite> <!-- com.pda.tests.OrangeHRMTests -->
